{
  "uid" : "5065e5cf2b64e368",
  "name" : "Akses halaman Events dari navbar, lalu scroll perlahan sampai paling bawah",
  "fullName" : "com.selenium.EventPageTest.shouldNavigateToEventsAndSlowScrollToBottom",
  "historyId" : "bb7a8a4b40ffea4f819f09ff7b98eaa",
  "time" : {
    "start" : 1767950067974,
    "stop" : 1767950227177,
    "duration" : 159203
  },
  "status" : "broken",
  "statusMessage" : "Expected condition failed: waiting for element to be clickable: By.xpath: //a[normalize-space()='Events' or normalize-space()='EVENTS'] (tried for 10 second(s) with 500 milliseconds interval)",
  "statusTrace" : "org.openqa.selenium.TimeoutException: Expected condition failed: waiting for element to be clickable: By.xpath: //a[normalize-space()='Events' or normalize-space()='EVENTS'] (tried for 10 second(s) with 500 milliseconds interval)\r\n\tat org.openqa.selenium.support.ui.WebDriverWait.timeoutException(WebDriverWait.java:84)\r\n\tat org.openqa.selenium.support.ui.FluentWait.until(FluentWait.java:228)\r\n\tat com.selenium.ChamiloBaseTest.waitClickable(ChamiloBaseTest.java:84)\r\n\tat com.selenium.EventPageTest.navigateToEventsViaNavbar(EventPageTest.java:114)\r\n\tat com.selenium.EventPageTest.shouldNavigateToEventsAndSlowScrollToBottom(EventPageTest.java:22)\r\n\tat java.base/jdk.internal.reflect.DirectMethodHandleAccessor.invoke(DirectMethodHandleAccessor.java:104)\r\n\tat java.base/java.lang.reflect.Method.invoke(Method.java:565)\r\n\tat org.testng.internal.invokers.MethodInvocationHelper.invokeMethod(MethodInvocationHelper.java:141)\r\n\tat org.testng.internal.invokers.TestInvoker.invokeMethod(TestInvoker.java:687)\r\n\tat org.testng.internal.invokers.TestInvoker.invokeTestMethod(TestInvoker.java:230)\r\n\tat org.testng.internal.invokers.MethodRunner.runInSequence(MethodRunner.java:63)\r\n\tat org.testng.internal.invokers.TestInvoker$MethodInvocationAgent.invoke(TestInvoker.java:995)\r\n\tat org.testng.internal.invokers.TestInvoker.invokeTestMethods(TestInvoker.java:203)\r\n\tat org.testng.internal.invokers.TestMethodWorker.invokeTestMethods(TestMethodWorker.java:154)\r\n\tat org.testng.internal.invokers.TestMethodWorker.run(TestMethodWorker.java:134)\r\n\tat java.base/java.util.ArrayList.forEach(ArrayList.java:1604)\r\n\tat org.testng.TestRunner.privateRun(TestRunner.java:741)\r\n\tat org.testng.TestRunner.run(TestRunner.java:616)\r\n\tat org.testng.SuiteRunner.runTest(SuiteRunner.java:421)\r\n\tat org.testng.SuiteRunner.runSequentially(SuiteRunner.java:413)\r\n\tat org.testng.SuiteRunner.privateRun(SuiteRunner.java:373)\r\n\tat org.testng.SuiteRunner.run(SuiteRunner.java:312)\r\n\tat org.testng.SuiteRunnerWorker.runSuite(SuiteRunnerWorker.java:52)\r\n\tat org.testng.SuiteRunnerWorker.run(SuiteRunnerWorker.java:95)\r\n\tat org.testng.TestNG.runSuitesSequentially(TestNG.java:1274)\r\n\tat org.testng.TestNG.runSuitesLocally(TestNG.java:1208)\r\n\tat org.testng.TestNG.runSuites(TestNG.java:1112)\r\n\tat org.testng.TestNG.run(TestNG.java:1079)\r\n\tat com.microsoft.java.test.runner.testng.TestNGRunner.run(TestNGRunner.java:45)\r\n\tat com.microsoft.java.test.runner.testng.TestNGLauncher.execute(TestNGLauncher.java:32)\r\n\tat com.microsoft.java.test.runner.Launcher.main(Launcher.java:57)\r\nCaused by: org.openqa.selenium.NoSuchWindowException: no such window: target window already closed\nfrom unknown error: web view not found\n  (Session info: chrome=143.0.7499.170)\nBuild info: version: '4.38.0', revision: '6b412e825c*'\nSystem info: os.name: 'Windows 11', os.arch: 'amd64', os.version: '10.0', java.version: '25.0.1'\nDriver info: org.openqa.selenium.chrome.ChromeDriver\nCommand: [2b86657e675776911d553a057bd83ec5, findElement {value=//a[normalize-space()='Events' or normalize-space()='EVENTS'], using=xpath}]\nCapabilities {acceptInsecureCerts: false, browserName: chrome, browserVersion: 143.0.7499.170, chrome: {chromedriverVersion: 143.0.7499.192 (be2c1f4fd45..., userDataDir: C:\\Users\\NIKO\\AppData\\Local...}, fedcm:accounts: true, goog:chromeOptions: {debuggerAddress: localhost:57394}, goog:processID: 6152, networkConnectionEnabled: false, pageLoadStrategy: normal, platformName: windows, proxy: Proxy(), se:cdp: ws://localhost:57394/devtoo..., se:cdpVersion: 143.0.7499.170, setWindowRect: true, strictFileInteractability: false, timeouts: {implicit: 0, pageLoad: 300000, script: 30000}, unhandledPromptBehavior: dismiss and notify, webauthn:extension:credBlob: true, webauthn:extension:largeBlob: true, webauthn:extension:minPinLength: true, webauthn:extension:prf: true, webauthn:virtualAuthenticators: true}\nSession ID: 2b86657e675776911d553a057bd83ec5\r\n\tat java.base/jdk.internal.reflect.DirectConstructorHandleAccessor.newInstance(DirectConstructorHandleAccessor.java:62)\r\n\tat java.base/java.lang.reflect.Constructor.newInstanceWithCaller(Constructor.java:499)\r\n\tat java.base/java.lang.reflect.Constructor.newInstance(Constructor.java:483)\r\n\tat org.openqa.selenium.remote.ErrorCodec.decode(ErrorCodec.java:167)\r\n\tat org.openqa.selenium.remote.codec.w3c.W3CHttpResponseCodec.decode(W3CHttpResponseCodec.java:138)\r\n\tat org.openqa.selenium.remote.codec.w3c.W3CHttpResponseCodec.decode(W3CHttpResponseCodec.java:50)\r\n\tat org.openqa.selenium.remote.HttpCommandExecutor.execute(HttpCommandExecutor.java:215)\r\n\tat org.openqa.selenium.remote.service.DriverCommandExecutor.invokeExecute(DriverCommandExecutor.java:216)\r\n\tat org.openqa.selenium.remote.service.DriverCommandExecutor.execute(DriverCommandExecutor.java:174)\r\n\tat org.openqa.selenium.remote.RemoteWebDriver.execute(RemoteWebDriver.java:557)\r\n\tat org.openqa.selenium.remote.ElementLocation$ElementFinder$2.findElement(ElementLocation.java:165)\r\n\tat org.openqa.selenium.remote.ElementLocation.findElement(ElementLocation.java:59)\r\n\tat org.openqa.selenium.remote.RemoteWebDriver.findElement(RemoteWebDriver.java:380)\r\n\tat org.openqa.selenium.remote.RemoteWebDriver.findElement(RemoteWebDriver.java:374)\r\n\tat org.openqa.selenium.support.ui.ExpectedConditions$7.apply(ExpectedConditions.java:198)\r\n\tat org.openqa.selenium.support.ui.ExpectedConditions$7.apply(ExpectedConditions.java:194)\r\n\tat org.openqa.selenium.support.ui.ExpectedConditions$22.apply(ExpectedConditions.java:632)\r\n\tat org.openqa.selenium.support.ui.ExpectedConditions$22.apply(ExpectedConditions.java:629)\r\n\tat org.openqa.selenium.support.ui.FluentWait.until(FluentWait.java:203)\r\n\t... 29 more\r\n",
  "flaky" : false,
  "newFailed" : false,
  "beforeStages" : [ {
    "name" : "setUpBase",
    "time" : {
      "start" : 1767950065537,
      "stop" : 1767950067877,
      "duration" : 2340
    },
    "description" : "",
    "status" : "passed",
    "steps" : [ ],
    "attachments" : [ ],
    "parameters" : [ ],
    "hasContent" : false,
    "stepsCount" : 0,
    "attachmentsCount" : 0,
    "shouldDisplayMessage" : false
  } ],
  "afterStages" : [ {
    "name" : "tearDownBase",
    "time" : {
      "start" : 1767950227230,
      "stop" : 1767950227311,
      "duration" : 81
    },
    "description" : "",
    "status" : "passed",
    "steps" : [ ],
    "attachments" : [ ],
    "parameters" : [ ],
    "hasContent" : false,
    "stepsCount" : 0,
    "attachmentsCount" : 0,
    "shouldDisplayMessage" : false
  } ],
  "labels" : [ {
    "name" : "package",
    "value" : "com.selenium.EventPageTest"
  }, {
    "name" : "testClass",
    "value" : "com.selenium.EventPageTest"
  }, {
    "name" : "testMethod",
    "value" : "shouldNavigateToEventsAndSlowScrollToBottom"
  }, {
    "name" : "parentSuite",
    "value" : "Default Suite"
  }, {
    "name" : "suite",
    "value" : "TestNGTest-31d4dac6-f31b-4bdd-98fb-6dba3b2e1c0f"
  }, {
    "name" : "subSuite",
    "value" : "com.selenium.EventPageTest"
  }, {
    "name" : "host",
    "value" : "LAPTOP-AOFLLK79"
  }, {
    "name" : "thread",
    "value" : "33324@LAPTOP-AOFLLK79.main(3)"
  }, {
    "name" : "framework",
    "value" : "testng"
  }, {
    "name" : "language",
    "value" : "java"
  }, {
    "name" : "resultFormat",
    "value" : "allure2"
  } ],
  "parameters" : [ ],
  "links" : [ ],
  "hidden" : false,
  "retry" : false,
  "extra" : {
    "severity" : "normal",
    "retries" : [ {
      "uid" : "71f54f691f48eb71",
      "status" : "broken",
      "statusDetails" : "Expected condition failed: waiting for url to contain \"events\". Current url: \"https://chamilo.org/en/eventos/\" (tried for 10 second(s) with 500 milliseconds interval)\nBuild info: version: '4.38.0', revision: '6b412e825c*'\nSystem info: os.name: 'Windows 11', os.arch: 'amd64', os.version: '10.0', java.version: '25.0.1'\nDriver info: org.openqa.selenium.chrome.ChromeDriver\nCapabilities {acceptInsecureCerts: false, browserName: chrome, browserVersion: 143.0.7499.170, chrome: {chromedriverVersion: 143.0.7499.192 (be2c1f4fd45..., userDataDir: C:\\Users\\NIKO\\AppData\\Local...}, fedcm:accounts: true, goog:chromeOptions: {debuggerAddress: localhost:59423}, goog:processID: 21672, networkConnectionEnabled: false, pageLoadStrategy: normal, platformName: windows, proxy: Proxy(), se:cdp: ws://localhost:59423/devtoo..., se:cdpVersion: 143.0.7499.170, setWindowRect: true, strictFileInteractability: false, timeouts: {implicit: 0, pageLoad: 300000, script: 30000}, unhandledPromptBehavior: dismiss and notify, webauthn:extension:credBlob: true, webauthn:extension:largeBlob: true, webauthn:extension:minPinLength: true, webauthn:extension:prf: true, webauthn:virtualAuthenticators: true}\nSession ID: b81055cf9b29be9d1c0edfc04a50c9e5",
      "time" : {
        "start" : 1767949623749,
        "stop" : 1767949766784,
        "duration" : 143035
      }
    }, {
      "uid" : "fb45f78cf9566ff",
      "status" : "broken",
      "statusDetails" : "Expected condition failed: waiting for url to contain \"events\". Current url: \"https://chamilo.org/en/eventos/\" (tried for 10 second(s) with 500 milliseconds interval)\nBuild info: version: '4.38.0', revision: '6b412e825c*'\nSystem info: os.name: 'Windows 11', os.arch: 'amd64', os.version: '10.0', java.version: '25.0.1'\nDriver info: org.openqa.selenium.chrome.ChromeDriver\nCapabilities {acceptInsecureCerts: false, browserName: chrome, browserVersion: 143.0.7499.170, chrome: {chromedriverVersion: 143.0.7499.192 (be2c1f4fd45..., userDataDir: C:\\Users\\NIKO\\AppData\\Local...}, fedcm:accounts: true, goog:chromeOptions: {debuggerAddress: localhost:64091}, goog:processID: 35916, networkConnectionEnabled: false, pageLoadStrategy: normal, platformName: windows, proxy: Proxy(), se:cdp: ws://localhost:64091/devtoo..., se:cdpVersion: 143.0.7499.170, setWindowRect: true, strictFileInteractability: false, timeouts: {implicit: 0, pageLoad: 300000, script: 30000}, unhandledPromptBehavior: dismiss and notify, webauthn:extension:credBlob: true, webauthn:extension:largeBlob: true, webauthn:extension:minPinLength: true, webauthn:extension:prf: true, webauthn:virtualAuthenticators: true}\nSession ID: 188c0ecd81fb6a78b45313a8ae5c39b6",
      "time" : {
        "start" : 1767949480047,
        "stop" : 1767949539749,
        "duration" : 59702
      }
    }, {
      "uid" : "45fb39fa1cf01862",
      "status" : "broken",
      "statusDetails" : "Expected condition failed: waiting for url to contain \"events\". Current url: \"https://chamilo.org/es/eventos/\" (tried for 10 second(s) with 500 milliseconds interval)\nBuild info: version: '4.38.0', revision: '6b412e825c*'\nSystem info: os.name: 'Windows 11', os.arch: 'amd64', os.version: '10.0', java.version: '25.0.1'\nDriver info: org.openqa.selenium.chrome.ChromeDriver\nCapabilities {acceptInsecureCerts: false, browserName: chrome, browserVersion: 143.0.7499.170, chrome: {chromedriverVersion: 143.0.7499.192 (be2c1f4fd45..., userDataDir: C:\\Users\\NIKO\\AppData\\Local...}, fedcm:accounts: true, goog:chromeOptions: {debuggerAddress: localhost:53058}, goog:processID: 12680, networkConnectionEnabled: false, pageLoadStrategy: normal, platformName: windows, proxy: Proxy(), se:cdp: ws://localhost:53058/devtoo..., se:cdpVersion: 143.0.7499.170, setWindowRect: true, strictFileInteractability: false, timeouts: {implicit: 0, pageLoad: 300000, script: 30000}, unhandledPromptBehavior: dismiss and notify, webauthn:extension:credBlob: true, webauthn:extension:largeBlob: true, webauthn:extension:minPinLength: true, webauthn:extension:prf: true, webauthn:virtualAuthenticators: true}\nSession ID: 0b36595fbdd9e0678b3f7208196a624f",
      "time" : {
        "start" : 1767949152769,
        "stop" : 1767949184332,
        "duration" : 31563
      }
    }, {
      "uid" : "3ff921e44630b8ce",
      "status" : "broken",
      "statusDetails" : "Expected condition failed: waiting for url to contain \"events\". Current url: \"https://chamilo.org/es/eventos/\" (tried for 10 second(s) with 500 milliseconds interval)\nBuild info: version: '4.38.0', revision: '6b412e825c*'\nSystem info: os.name: 'Windows 11', os.arch: 'amd64', os.version: '10.0', java.version: '25.0.1'\nDriver info: org.openqa.selenium.chrome.ChromeDriver\nCapabilities {acceptInsecureCerts: false, browserName: chrome, browserVersion: 143.0.7499.170, chrome: {chromedriverVersion: 143.0.7499.192 (be2c1f4fd45..., userDataDir: C:\\Users\\NIKO\\AppData\\Local...}, fedcm:accounts: true, goog:chromeOptions: {debuggerAddress: localhost:54462}, goog:processID: 34168, networkConnectionEnabled: false, pageLoadStrategy: normal, platformName: windows, proxy: Proxy(), se:cdp: ws://localhost:54462/devtoo..., se:cdpVersion: 143.0.7499.170, setWindowRect: true, strictFileInteractability: false, timeouts: {implicit: 0, pageLoad: 300000, script: 30000}, unhandledPromptBehavior: dismiss and notify, webauthn:extension:credBlob: true, webauthn:extension:largeBlob: true, webauthn:extension:minPinLength: true, webauthn:extension:prf: true, webauthn:virtualAuthenticators: true}\nSession ID: 386e6b3740f625e388ff33f2eb9aa1d7",
      "time" : {
        "start" : 1767948500210,
        "stop" : 1767948538572,
        "duration" : 38362
      }
    }, {
      "uid" : "db05f45726d45f26",
      "status" : "broken",
      "statusDetails" : "Expected condition failed: waiting for url to contain \"events\". Current url: \"https://chamilo.org/es/eventos/\" (tried for 10 second(s) with 500 milliseconds interval)\nBuild info: version: '4.38.0', revision: '6b412e825c*'\nSystem info: os.name: 'Windows 11', os.arch: 'amd64', os.version: '10.0', java.version: '25.0.1'\nDriver info: org.openqa.selenium.chrome.ChromeDriver\nCapabilities {acceptInsecureCerts: false, browserName: chrome, browserVersion: 143.0.7499.170, chrome: {chromedriverVersion: 143.0.7499.192 (be2c1f4fd45..., userDataDir: C:\\Users\\NIKO\\AppData\\Local...}, fedcm:accounts: true, goog:chromeOptions: {debuggerAddress: localhost:64902}, goog:processID: 25936, networkConnectionEnabled: false, pageLoadStrategy: normal, platformName: windows, proxy: Proxy(), se:cdp: ws://localhost:64902/devtoo..., se:cdpVersion: 143.0.7499.170, setWindowRect: true, strictFileInteractability: false, timeouts: {implicit: 0, pageLoad: 300000, script: 30000}, unhandledPromptBehavior: dismiss and notify, webauthn:extension:credBlob: true, webauthn:extension:largeBlob: true, webauthn:extension:minPinLength: true, webauthn:extension:prf: true, webauthn:virtualAuthenticators: true}\nSession ID: 89d1f100a6e5d8f65678d612ecf402a0",
      "time" : {
        "start" : 1767947894507,
        "stop" : 1767947926720,
        "duration" : 32213
      }
    }, {
      "uid" : "37787f1468231bc6",
      "status" : "broken",
      "statusDetails" : "Expected condition failed: waiting for url to contain \"events\". Current url: \"https://chamilo.org/es/eventos/\" (tried for 10 second(s) with 500 milliseconds interval)\nBuild info: version: '4.38.0', revision: '6b412e825c*'\nSystem info: os.name: 'Windows 11', os.arch: 'amd64', os.version: '10.0', java.version: '25.0.1'\nDriver info: org.openqa.selenium.chrome.ChromeDriver\nCapabilities {acceptInsecureCerts: false, browserName: chrome, browserVersion: 143.0.7499.170, chrome: {chromedriverVersion: 143.0.7499.192 (be2c1f4fd45..., userDataDir: C:\\Users\\NIKO\\AppData\\Local...}, fedcm:accounts: true, goog:chromeOptions: {debuggerAddress: localhost:51054}, goog:processID: 26104, networkConnectionEnabled: false, pageLoadStrategy: normal, platformName: windows, proxy: Proxy(), se:cdp: ws://localhost:51054/devtoo..., se:cdpVersion: 143.0.7499.170, setWindowRect: true, strictFileInteractability: false, timeouts: {implicit: 0, pageLoad: 300000, script: 30000}, unhandledPromptBehavior: dismiss and notify, webauthn:extension:credBlob: true, webauthn:extension:largeBlob: true, webauthn:extension:minPinLength: true, webauthn:extension:prf: true, webauthn:virtualAuthenticators: true}\nSession ID: 3b98a38f324767514787c8a4f0df78f7",
      "time" : {
        "start" : 1767947689717,
        "stop" : 1767947722770,
        "duration" : 33053
      }
    }, {
      "uid" : "88bb7bc4c7b8b908",
      "status" : "broken",
      "statusDetails" : "Expected condition failed: waiting for url to contain \"events\". Current url: \"https://chamilo.org/es/eventos/\" (tried for 10 second(s) with 500 milliseconds interval)\nBuild info: version: '4.38.0', revision: '6b412e825c*'\nSystem info: os.name: 'Windows 11', os.arch: 'amd64', os.version: '10.0', java.version: '25.0.1'\nDriver info: org.openqa.selenium.chrome.ChromeDriver\nCapabilities {acceptInsecureCerts: false, browserName: chrome, browserVersion: 143.0.7499.170, chrome: {chromedriverVersion: 143.0.7499.192 (be2c1f4fd45..., userDataDir: C:\\Users\\NIKO\\AppData\\Local...}, fedcm:accounts: true, goog:chromeOptions: {debuggerAddress: localhost:58191}, goog:processID: 34396, networkConnectionEnabled: false, pageLoadStrategy: normal, platformName: windows, proxy: Proxy(), se:cdp: ws://localhost:58191/devtoo..., se:cdpVersion: 143.0.7499.170, setWindowRect: true, strictFileInteractability: false, timeouts: {implicit: 0, pageLoad: 300000, script: 30000}, unhandledPromptBehavior: dismiss and notify, webauthn:extension:credBlob: true, webauthn:extension:largeBlob: true, webauthn:extension:minPinLength: true, webauthn:extension:prf: true, webauthn:virtualAuthenticators: true}\nSession ID: 96ae34749cea1628bb448bca344d9f21",
      "time" : {
        "start" : 1767947276476,
        "stop" : 1767947308555,
        "duration" : 32079
      }
    }, {
      "uid" : "9cd8a7ddef8c22a0",
      "status" : "broken",
      "statusDetails" : "Expected condition failed: waiting for url to contain \"events\". Current url: \"https://chamilo.org/es/eventos/\" (tried for 10 second(s) with 500 milliseconds interval)\nBuild info: version: '4.38.0', revision: '6b412e825c*'\nSystem info: os.name: 'Windows 11', os.arch: 'amd64', os.version: '10.0', java.version: '25.0.1'\nDriver info: org.openqa.selenium.chrome.ChromeDriver\nCapabilities {acceptInsecureCerts: false, browserName: chrome, browserVersion: 143.0.7499.170, chrome: {chromedriverVersion: 143.0.7499.192 (be2c1f4fd45..., userDataDir: C:\\Users\\NIKO\\AppData\\Local...}, fedcm:accounts: true, goog:chromeOptions: {debuggerAddress: localhost:63231}, goog:processID: 3964, networkConnectionEnabled: false, pageLoadStrategy: normal, platformName: windows, proxy: Proxy(), se:cdp: ws://localhost:63231/devtoo..., se:cdpVersion: 143.0.7499.170, setWindowRect: true, strictFileInteractability: false, timeouts: {implicit: 0, pageLoad: 300000, script: 30000}, unhandledPromptBehavior: dismiss and notify, webauthn:extension:credBlob: true, webauthn:extension:largeBlob: true, webauthn:extension:minPinLength: true, webauthn:extension:prf: true, webauthn:virtualAuthenticators: true}\nSession ID: 86ed02f229448b89b95c47542419c56d",
      "time" : {
        "start" : 1767946221201,
        "stop" : 1767946252975,
        "duration" : 31774
      }
    }, {
      "uid" : "3da08629386191dd",
      "status" : "broken",
      "statusDetails" : "Expected condition failed: waiting for url to contain \"events\". Current url: \"https://chamilo.org/es/eventos/\" (tried for 10 second(s) with 500 milliseconds interval)\nBuild info: version: '4.38.0', revision: '6b412e825c*'\nSystem info: os.name: 'Windows 11', os.arch: 'amd64', os.version: '10.0', java.version: '25.0.1'\nDriver info: org.openqa.selenium.chrome.ChromeDriver\nCapabilities {acceptInsecureCerts: false, browserName: chrome, browserVersion: 143.0.7499.170, chrome: {chromedriverVersion: 143.0.7499.192 (be2c1f4fd45..., userDataDir: C:\\Users\\NIKO\\AppData\\Local...}, fedcm:accounts: true, goog:chromeOptions: {debuggerAddress: localhost:54977}, goog:processID: 5212, networkConnectionEnabled: false, pageLoadStrategy: normal, platformName: windows, proxy: Proxy(), se:cdp: ws://localhost:54977/devtoo..., se:cdpVersion: 143.0.7499.170, setWindowRect: true, strictFileInteractability: false, timeouts: {implicit: 0, pageLoad: 300000, script: 30000}, unhandledPromptBehavior: dismiss and notify, webauthn:extension:credBlob: true, webauthn:extension:largeBlob: true, webauthn:extension:minPinLength: true, webauthn:extension:prf: true, webauthn:virtualAuthenticators: true}\nSession ID: 060f0140d6757bb2fe660472b5e104f4",
      "time" : {
        "start" : 1767945970117,
        "stop" : 1767946002488,
        "duration" : 32371
      }
    }, {
      "uid" : "7836a15ae4867ac2",
      "status" : "broken",
      "statusDetails" : "Expected condition failed: waiting for url to contain \"events\". Current url: \"https://chamilo.org/es/eventos/\" (tried for 10 second(s) with 500 milliseconds interval)\nBuild info: version: '4.38.0', revision: '6b412e825c*'\nSystem info: os.name: 'Windows 11', os.arch: 'amd64', os.version: '10.0', java.version: '25.0.1'\nDriver info: org.openqa.selenium.chrome.ChromeDriver\nCapabilities {acceptInsecureCerts: false, browserName: chrome, browserVersion: 143.0.7499.170, chrome: {chromedriverVersion: 143.0.7499.192 (be2c1f4fd45..., userDataDir: C:\\Users\\NIKO\\AppData\\Local...}, fedcm:accounts: true, goog:chromeOptions: {debuggerAddress: localhost:63275}, goog:processID: 31588, networkConnectionEnabled: false, pageLoadStrategy: normal, platformName: windows, proxy: Proxy(), se:cdp: ws://localhost:63275/devtoo..., se:cdpVersion: 143.0.7499.170, setWindowRect: true, strictFileInteractability: false, timeouts: {implicit: 0, pageLoad: 300000, script: 30000}, unhandledPromptBehavior: dismiss and notify, webauthn:extension:credBlob: true, webauthn:extension:largeBlob: true, webauthn:extension:minPinLength: true, webauthn:extension:prf: true, webauthn:virtualAuthenticators: true}\nSession ID: 01b33caed6ee23e7cf2cd3109bbcc5b8",
      "time" : {
        "start" : 1767942507419,
        "stop" : 1767942538820,
        "duration" : 31401
      }
    }, {
      "uid" : "823a8fdb90920a19",
      "status" : "broken",
      "statusDetails" : "Expected condition failed: waiting for url to contain \"events\". Current url: \"https://chamilo.org/es/eventos/\" (tried for 10 second(s) with 500 milliseconds interval)\nBuild info: version: '4.38.0', revision: '6b412e825c*'\nSystem info: os.name: 'Windows 11', os.arch: 'amd64', os.version: '10.0', java.version: '25.0.1'\nDriver info: org.openqa.selenium.chrome.ChromeDriver\nCapabilities {acceptInsecureCerts: false, browserName: chrome, browserVersion: 143.0.7499.170, chrome: {chromedriverVersion: 143.0.7499.192 (be2c1f4fd45..., userDataDir: C:\\Users\\NIKO\\AppData\\Local...}, fedcm:accounts: true, goog:chromeOptions: {debuggerAddress: localhost:50444}, goog:processID: 33416, networkConnectionEnabled: false, pageLoadStrategy: normal, platformName: windows, proxy: Proxy(), se:cdp: ws://localhost:50444/devtoo..., se:cdpVersion: 143.0.7499.170, setWindowRect: true, strictFileInteractability: false, timeouts: {implicit: 0, pageLoad: 300000, script: 30000}, unhandledPromptBehavior: dismiss and notify, webauthn:extension:credBlob: true, webauthn:extension:largeBlob: true, webauthn:extension:minPinLength: true, webauthn:extension:prf: true, webauthn:virtualAuthenticators: true}\nSession ID: 9afc58805d004ea4670a91306f5a7b7d",
      "time" : {
        "start" : 1767938623064,
        "stop" : 1767938655873,
        "duration" : 32809
      }
    }, {
      "uid" : "7c3c0d14469342ce",
      "status" : "broken",
      "statusDetails" : "Expected condition failed: waiting for url to contain \"events\". Current url: \"https://chamilo.org/es/eventos/\" (tried for 10 second(s) with 500 milliseconds interval)\nBuild info: version: '4.38.0', revision: '6b412e825c*'\nSystem info: os.name: 'Windows 11', os.arch: 'amd64', os.version: '10.0', java.version: '25.0.1'\nDriver info: org.openqa.selenium.chrome.ChromeDriver\nCapabilities {acceptInsecureCerts: false, browserName: chrome, browserVersion: 143.0.7499.170, chrome: {chromedriverVersion: 143.0.7499.192 (be2c1f4fd45..., userDataDir: C:\\Users\\NIKO\\AppData\\Local...}, fedcm:accounts: true, goog:chromeOptions: {debuggerAddress: localhost:54859}, goog:processID: 21844, networkConnectionEnabled: false, pageLoadStrategy: normal, platformName: windows, proxy: Proxy(), se:cdp: ws://localhost:54859/devtoo..., se:cdpVersion: 143.0.7499.170, setWindowRect: true, strictFileInteractability: false, timeouts: {implicit: 0, pageLoad: 300000, script: 30000}, unhandledPromptBehavior: dismiss and notify, webauthn:extension:credBlob: true, webauthn:extension:largeBlob: true, webauthn:extension:minPinLength: true, webauthn:extension:prf: true, webauthn:virtualAuthenticators: true}\nSession ID: d2193771d59484888ea77fc92ad57384",
      "time" : {
        "start" : 1767938461561,
        "stop" : 1767938493477,
        "duration" : 31916
      }
    }, {
      "uid" : "2f399f2f96cea244",
      "status" : "broken",
      "statusDetails" : "Expected condition failed: waiting for url to contain \"events\". Current url: \"https://chamilo.org/es/eventos/\" (tried for 10 second(s) with 500 milliseconds interval)\nBuild info: version: '4.38.0', revision: '6b412e825c*'\nSystem info: os.name: 'Windows 11', os.arch: 'amd64', os.version: '10.0', java.version: '25.0.1'\nDriver info: org.openqa.selenium.chrome.ChromeDriver\nCapabilities {acceptInsecureCerts: false, browserName: chrome, browserVersion: 143.0.7499.170, chrome: {chromedriverVersion: 143.0.7499.192 (be2c1f4fd45..., userDataDir: C:\\Users\\NIKO\\AppData\\Local...}, fedcm:accounts: true, goog:chromeOptions: {debuggerAddress: localhost:61054}, goog:processID: 36152, networkConnectionEnabled: false, pageLoadStrategy: normal, platformName: windows, proxy: Proxy(), se:cdp: ws://localhost:61054/devtoo..., se:cdpVersion: 143.0.7499.170, setWindowRect: true, strictFileInteractability: false, timeouts: {implicit: 0, pageLoad: 300000, script: 30000}, unhandledPromptBehavior: dismiss and notify, webauthn:extension:credBlob: true, webauthn:extension:largeBlob: true, webauthn:extension:minPinLength: true, webauthn:extension:prf: true, webauthn:virtualAuthenticators: true}\nSession ID: 0de615374523ea9efa7ea39acef8b4d7",
      "time" : {
        "start" : 1767936448451,
        "stop" : 1767936480655,
        "duration" : 32204
      }
    }, {
      "uid" : "d6295c539090176b",
      "status" : "broken",
      "statusDetails" : "invalid session id\nBuild info: version: '4.38.0', revision: '6b412e825c*'\nSystem info: os.name: 'Windows 11', os.arch: 'amd64', os.version: '10.0', java.version: '25.0.1'\nDriver info: org.openqa.selenium.chrome.ChromeDriver\nCommand: [7a54b7e69c45dfde65a561c9830486cd, findElement {using=xpath, value=//h2[contains(translate(., 'ABCDEFGHIJKLMNOPQRSTUVWXYZ', 'abcdefghijklmnopqrstuvwxyz'), 'chamilo universe')]}]\nCapabilities {acceptInsecureCerts: false, browserName: chrome, browserVersion: 143.0.7499.170, chrome: {chromedriverVersion: 143.0.7499.192 (be2c1f4fd45..., userDataDir: C:\\Users\\NIKO\\AppData\\Local...}, fedcm:accounts: true, goog:chromeOptions: {debuggerAddress: localhost:58409}, goog:processID: 33428, networkConnectionEnabled: false, pageLoadStrategy: normal, platformName: windows, proxy: Proxy(), se:cdp: ws://localhost:58409/devtoo..., se:cdpVersion: 143.0.7499.170, setWindowRect: true, strictFileInteractability: false, timeouts: {implicit: 0, pageLoad: 300000, script: 30000}, unhandledPromptBehavior: dismiss and notify, webauthn:extension:credBlob: true, webauthn:extension:largeBlob: true, webauthn:extension:minPinLength: true, webauthn:extension:prf: true, webauthn:virtualAuthenticators: true}\nSession ID: 7a54b7e69c45dfde65a561c9830486cd",
      "time" : {
        "start" : 1767936424733,
        "stop" : 1767936446940,
        "duration" : 22207
      }
    } ],
    "categories" : [ {
      "name" : "Test defects",
      "matchedStatuses" : [ ],
      "flaky" : false
    } ],
    "tags" : [ ]
  },
  "source" : "5065e5cf2b64e368.json",
  "parameterValues" : [ ]
}